Coverage Report by instance with details

=================================================================================
=== Instance: /tb_task1/dut
=== Design Unit: work.task1
=================================================================================
Branch Coverage:
    Enabled Coverage              Bins      Hits    Misses  Coverage
    ----------------              ----      ----    ------  --------
    Branches                        15        15         0   100.00%

================================Branch Details================================

Branch Coverage for instance /tb_task1/dut

    Line         Item                      Count     Source 
    ----         ----                      -----     ------ 
  File task1.sv
------------------------------------IF Branch------------------------------------
    13                                        23     Count coming in to IF
    13              1                          1     
    16              1                         22     
Branch totals: 2 hits of 2 branches = 100.00%

------------------------------------CASE Branch------------------------------------
    17                                        22     Count coming in to CASE
    18              1                          8     
    24              1                          3     
    25              1                          3     
    29              1                          8     
Branch totals: 4 hits of 4 branches = 100.00%

------------------------------------IF Branch------------------------------------
    18                                         8     Count coming in to IF
    18              2                          2     
    20              1                          2     
                                               4     All False Count
Branch totals: 3 hits of 3 branches = 100.00%

------------------------------------IF Branch------------------------------------
    24                                         3     Count coming in to IF
    24              2                          2     
                                               1     All False Count
Branch totals: 2 hits of 2 branches = 100.00%

------------------------------------IF Branch------------------------------------
    25                                         3     Count coming in to IF
    25              2                          2     
                                               1     All False Count
Branch totals: 2 hits of 2 branches = 100.00%

------------------------------------IF Branch------------------------------------
    30                                         8     Count coming in to IF
    30              1                          4     
    33              1                          4     
Branch totals: 2 hits of 2 branches = 100.00%


Statement Coverage:
    Enabled Coverage              Bins      Hits    Misses  Coverage
    ----------------              ----      ----    ------  --------
    Statements                      12        12         0   100.00%

================================Statement Details================================

Statement Coverage for instance /tb_task1/dut --

    Line         Item                      Count     Source 
    ----         ----                      -----     ------ 
  File task1.sv
    12              1                         23     
    14              1                          1     
    15              1                          1     
    19              1                          2     
    21              1                          2     
    22              1                          2     
    24              1                          2     
    26              1                          2     
    27              1                          2     
    31              1                          4     
    32              1                          4     
    34              1                          4     
Toggle Coverage:
    Enabled Coverage              Bins      Hits    Misses  Coverage
    ----------------              ----      ----    ------  --------
    Toggles                          7         6         1    85.71%

================================Toggle Details================================

Toggle Coverage for instance /tb_task1/dut --

                                              Node      1H->0L      0L->1H                          "Coverage"
                                              ---------------------------------------------------------------
                                     current_state               ENUM type       Value       Count 
                                                                     RESET           0        0.00 

Total Node Count     =          6 
Toggled Node Count   =          5 
Untoggled Node Count =          1 

Toggle Coverage      =      85.71% (6 of 7 bins)

=================================================================================
=== Instance: /tb_task1
=== Design Unit: work.tb_task1
=================================================================================
Statement Coverage:
    Enabled Coverage              Bins      Hits    Misses  Coverage
    ----------------              ----      ----    ------  --------
    Statements                      88        88         0   100.00%

================================Statement Details================================

Statement Coverage for instance /tb_task1 --

    Line         Item                      Count     Source 
    ----         ----                      -----     ------ 
  File tb_task1.sv
    9               1                         49     
    9               2                         48     
    12              1                          1     
    12              2                          1     
    13              1                          1     
    13              2                          1     
    13              3                          1     
    13              4                          1     
    18              1                          1     
    19              1                          1     
    20              1                          1     
    20              2                          1     
    24              1                          1     
    25              1                          1     
    26              1                          1     
    30              1                          1     
    31              1                          1     
    32              1                          1     
    36              1                          1     
    37              1                          1     
    38              1                          1     
    38              2                          1     
    42              1                          1     
    43              1                          1     
    44              1                          1     
    44              2                          1     
    48              1                          1     
    49              1                          1     
    50              1                          1     
    50              2                          1     
    54              1                          1     
    55              1                          1     
    56              1                          1     
    56              2                          1     
    60              1                          1     
    61              1                          1     
    62              1                          1     
    62              2                          1     
    66              1                          1     
    67              1                          1     
    68              1                          1     
    68              2                          1     
    72              1                          1     
    73              1                          1     
    74              1                          1     
    74              2                          1     
    78              1                          1     
    79              1                          1     
    80              1                          1     
    80              2                          1     
    84              1                          1     
    85              1                          1     
    86              1                          1     
    86              2                          1     
    90              1                          1     
    91              1                          1     
    92              1                          1     
    92              2                          1     
    96              1                          1     
    97              1                          1     
    98              1                          1     
    98              2                          1     
    102             1                          1     
    103             1                          1     
    104             1                          1     
    104             2                          1     
    108             1                          1     
    109             1                          1     
    110             1                          1     
    110             2                          1     
    114             1                          1     
    115             1                          1     
    116             1                          1     
    116             2                          1     
    122             1                          1     
    122             2                          1     
    123             1                          1     
    123             2                          1     
    123             3                          1     
    123             4                          1     
    123             5                          1     
    123             6                          1     
    123             7                          1     
    124             1                          1     
    124             2                          1     
    125             1                          1     
    126             1                          1     
    126             2                          1     
Toggle Coverage:
    Enabled Coverage              Bins      Hits    Misses  Coverage
    ----------------              ----      ----    ------  --------
    Toggles                         26         9        17    34.61%

================================Toggle Details================================

Toggle Coverage for instance /tb_task1 --

                                              Node      1H->0L      0L->1H                          "Coverage"
                                              ---------------------------------------------------------------
                                            resetb           0           1                               50.00 
                                          tag[0-7]           0           0                                0.00 

Total Node Count     =         13 
Toggled Node Count   =          4 
Untoggled Node Count =          9 

Toggle Coverage      =      34.61% (9 of 26 bins)


Total Coverage By Instance (filtered view): 81.81%

